2025-05-27 13:40:43|INFO|[logging_config.py:75|<module>()]:Logger inicializado correctamente.
2025-05-27 13:40:46|INFO|[preprocessing_data.py:8|preprocessing_data()]:Cargando el archivo CSV...
2025-05-27 13:40:48|INFO|[preprocessing_data.py:10|preprocessing_data()]:Archivo cargado correctamente con 321611 filas y 15 columnas.
2025-05-27 13:40:48|INFO|[preprocessing_data.py:16|preprocessing_data()]:Convirtiendo 'datetime_now' a formato datetime...
2025-05-27 13:40:49|INFO|[preprocessing_data.py:21|preprocessing_data()]:Valores nulos por columna:
id                         0
channel_name              13
uploader_id               29
title                      0
like_count                 0
concurrent_view_count      0
view_count                 0
datetime_now               0
timestamp                  0
date_only                  0
time_only                  0
thumbnail                  0
live_link                160
channel_type               0
bq_update                  0
dtype: int64
2025-05-27 13:40:49|INFO|[preprocessing_data.py:27|preprocessing_data()]:Filas eliminadas por valores nulos: 13
2025-05-27 13:40:49|INFO|[preprocessing_data.py:30|preprocessing_data()]:Convirtiendo 'concurrent_view_count' a tipo numérico...
2025-05-27 13:40:49|INFO|[preprocessing_data.py:34|preprocessing_data()]:Convirtiendo 'channel_type' y 'channel_name' a tipo categoría...
2025-05-27 13:40:49|INFO|[preprocessing_data.py:39|preprocessing_data()]:Normalizando la columna 'hour_dt'...
2025-05-27 13:40:49|INFO|[preprocessing_data.py:43|preprocessing_data()]:Filtrando franjas representativas por canal...
2025-05-27 13:40:49|INFO|[preprocessing_data.py:49|preprocessing_data()]:Creando columnas de fecha, hora y día de la semana...
2025-05-27 13:40:49|INFO|[preprocessing_data.py:65|preprocessing_data()]:Filtrado de columnas completado. Columnas actuales: ['datetime_now', 'concurrent_view_count', 'channel_name', 'channel_type', 'date', 'hour', 'weekday']
2025-05-27 13:40:49|INFO|[preprocessing_data.py:68|preprocessing_data()]:Primeras filas del dataframe:
          datetime_now  concurrent_view_count channel_name channel_type        date  hour  weekday
31 2025-04-03 08:26:42                     21   Metro 95.1        Radio  2025-04-03     8        3
32 2025-04-03 08:32:48                     20   Metro 95.1        Radio  2025-04-03     8        3
33 2025-04-03 08:38:56                     23   Metro 95.1        Radio  2025-04-03     8        3
34 2025-04-03 08:45:03                     22   Metro 95.1        Radio  2025-04-03     8        3
35 2025-04-03 08:51:11                     27   Metro 95.1        Radio  2025-04-03     8        3
2025-05-27 13:40:49|INFO|[preprocessing_data.py:69|preprocessing_data()]:Resumen estadístico:
                         datetime_now  concurrent_view_count         channel_name channel_type        date           hour        weekday
count                          156473          156473.000000               156473       156473      156473  156473.000000  156473.000000
unique                            NaN                    NaN                  106            4          30            NaN            NaN
top                               NaN                    NaN  Radio La Red AM 910           TV  2025-04-18            NaN            NaN
freq                              NaN                    NaN                 4558        69515       12254            NaN            NaN
mean    2025-04-19 11:44:42.546707712            4326.190883                  NaN          NaN         NaN      11.106223       3.015153
min               2025-04-01 00:04:07               0.000000                  NaN          NaN         NaN       0.000000       0.000000
25%               2025-04-15 08:04:03              50.000000                  NaN          NaN         NaN       5.000000       1.000000
50%               2025-04-18 21:44:18             403.000000                  NaN          NaN         NaN      10.000000       3.000000
75%               2025-04-22 18:41:12            2450.000000                  NaN          NaN         NaN      17.000000       5.000000
max               2025-04-30 23:58:57          193511.000000                  NaN          NaN         NaN      23.000000       6.000000
std                               NaN           12752.007777                  NaN          NaN         NaN       6.993317       2.087922
2025-05-27 13:40:49|INFO|[preprocessing_data.py:70|preprocessing_data()]:Tipos de datos:
datetime_now             datetime64[ns]
concurrent_view_count             int64
channel_name                   category
channel_type                   category
date                             object
hour                              int32
weekday                           int32
dtype: object
2025-05-27 13:44:57|INFO|[logging_config.py:75|<module>()]:Logger inicializado correctamente.
2025-05-27 13:45:00|INFO|[preprocessing_data.py:8|preprocessing_data()]:Cargando el archivo CSV...
2025-05-27 13:45:02|INFO|[preprocessing_data.py:10|preprocessing_data()]:Archivo cargado correctamente con 321611 filas y 15 columnas.
2025-05-27 13:45:02|INFO|[preprocessing_data.py:16|preprocessing_data()]:Convirtiendo 'datetime_now' a formato datetime...
2025-05-27 13:45:02|INFO|[preprocessing_data.py:21|preprocessing_data()]:Valores nulos por columna:
id                         0
channel_name              13
uploader_id               29
title                      0
like_count                 0
concurrent_view_count      0
view_count                 0
datetime_now               0
timestamp                  0
date_only                  0
time_only                  0
thumbnail                  0
live_link                160
channel_type               0
bq_update                  0
dtype: int64
2025-05-27 13:45:02|INFO|[preprocessing_data.py:27|preprocessing_data()]:Filas eliminadas por valores nulos: 13
2025-05-27 13:45:02|INFO|[preprocessing_data.py:30|preprocessing_data()]:Convirtiendo 'concurrent_view_count' a tipo numérico...
2025-05-27 13:45:02|INFO|[preprocessing_data.py:34|preprocessing_data()]:Convirtiendo 'channel_type' y 'channel_name' a tipo categoría...
2025-05-27 13:45:02|INFO|[preprocessing_data.py:39|preprocessing_data()]:Normalizando la columna 'hour_dt'...
2025-05-27 13:45:02|INFO|[preprocessing_data.py:43|preprocessing_data()]:Filtrando franjas representativas por canal...
2025-05-27 13:45:02|INFO|[preprocessing_data.py:49|preprocessing_data()]:Creando columnas de fecha, hora y día de la semana...
2025-05-27 13:45:03|INFO|[preprocessing_data.py:65|preprocessing_data()]:Filtrado de columnas completado. Columnas actuales: ['datetime_now', 'concurrent_view_count', 'channel_name', 'channel_type', 'date', 'hour', 'weekday']
2025-05-27 13:45:03|INFO|[preprocessing_data.py:68|preprocessing_data()]:Primeras filas del dataframe:
          datetime_now  concurrent_view_count channel_name channel_type        date  hour  weekday
31 2025-04-03 08:26:42                     21   Metro 95.1        Radio  2025-04-03     8        3
32 2025-04-03 08:32:48                     20   Metro 95.1        Radio  2025-04-03     8        3
33 2025-04-03 08:38:56                     23   Metro 95.1        Radio  2025-04-03     8        3
34 2025-04-03 08:45:03                     22   Metro 95.1        Radio  2025-04-03     8        3
35 2025-04-03 08:51:11                     27   Metro 95.1        Radio  2025-04-03     8        3
2025-05-27 13:45:03|INFO|[preprocessing_data.py:69|preprocessing_data()]:Resumen estadístico:
                         datetime_now  concurrent_view_count         channel_name channel_type        date           hour        weekday
count                          156473          156473.000000               156473       156473      156473  156473.000000  156473.000000
unique                            NaN                    NaN                  106            4          30            NaN            NaN
top                               NaN                    NaN  Radio La Red AM 910           TV  2025-04-18            NaN            NaN
freq                              NaN                    NaN                 4558        69515       12254            NaN            NaN
mean    2025-04-19 11:44:42.546707712            4326.190883                  NaN          NaN         NaN      11.106223       3.015153
min               2025-04-01 00:04:07               0.000000                  NaN          NaN         NaN       0.000000       0.000000
25%               2025-04-15 08:04:03              50.000000                  NaN          NaN         NaN       5.000000       1.000000
50%               2025-04-18 21:44:18             403.000000                  NaN          NaN         NaN      10.000000       3.000000
75%               2025-04-22 18:41:12            2450.000000                  NaN          NaN         NaN      17.000000       5.000000
max               2025-04-30 23:58:57          193511.000000                  NaN          NaN         NaN      23.000000       6.000000
std                               NaN           12752.007777                  NaN          NaN         NaN       6.993317       2.087922
2025-05-27 13:45:03|INFO|[preprocessing_data.py:70|preprocessing_data()]:Tipos de datos:
datetime_now             datetime64[ns]
concurrent_view_count             int64
channel_name                   category
channel_type                   category
date                             object
hour                              int32
weekday                           int32
dtype: object
2025-05-27 13:54:21|INFO|[logging_config.py:75|<module>()]:Logger inicializado correctamente.
2025-05-27 13:54:24|INFO|[preprocessing_data.py:8|preprocessing_data()]:Cargando el archivo CSV...
2025-05-27 13:54:26|INFO|[preprocessing_data.py:10|preprocessing_data()]:Archivo cargado correctamente con 321611 filas y 15 columnas.
2025-05-27 13:54:26|INFO|[preprocessing_data.py:16|preprocessing_data()]:Convirtiendo 'datetime_now' a formato datetime...
2025-05-27 13:54:26|INFO|[preprocessing_data.py:21|preprocessing_data()]:Valores nulos por columna:
id                         0
channel_name              13
uploader_id               29
title                      0
like_count                 0
concurrent_view_count      0
view_count                 0
datetime_now               0
timestamp                  0
date_only                  0
time_only                  0
thumbnail                  0
live_link                160
channel_type               0
bq_update                  0
dtype: int64
2025-05-27 13:54:26|INFO|[preprocessing_data.py:27|preprocessing_data()]:Filas eliminadas por valores nulos: 13
2025-05-27 13:54:26|INFO|[preprocessing_data.py:30|preprocessing_data()]:Convirtiendo 'concurrent_view_count' a tipo numérico...
2025-05-27 13:54:26|INFO|[preprocessing_data.py:34|preprocessing_data()]:Convirtiendo 'channel_type' y 'channel_name' a tipo categoría...
2025-05-27 13:54:26|INFO|[preprocessing_data.py:39|preprocessing_data()]:Normalizando la columna 'hour_dt'...
2025-05-27 13:54:26|INFO|[preprocessing_data.py:43|preprocessing_data()]:Filtrando franjas representativas por canal...
2025-05-27 13:54:26|INFO|[preprocessing_data.py:49|preprocessing_data()]:Creando columnas de fecha, hora y día de la semana...
2025-05-27 13:54:26|INFO|[preprocessing_data.py:65|preprocessing_data()]:Filtrado de columnas completado. Columnas actuales: ['datetime_now', 'concurrent_view_count', 'channel_name', 'channel_type', 'date', 'hour', 'weekday']
2025-05-27 13:54:26|INFO|[preprocessing_data.py:68|preprocessing_data()]:Primeras filas del dataframe:
          datetime_now  concurrent_view_count channel_name channel_type        date  hour  weekday
31 2025-04-03 08:26:42                     21   Metro 95.1        Radio  2025-04-03     8        3
32 2025-04-03 08:32:48                     20   Metro 95.1        Radio  2025-04-03     8        3
33 2025-04-03 08:38:56                     23   Metro 95.1        Radio  2025-04-03     8        3
34 2025-04-03 08:45:03                     22   Metro 95.1        Radio  2025-04-03     8        3
35 2025-04-03 08:51:11                     27   Metro 95.1        Radio  2025-04-03     8        3
2025-05-27 13:54:26|INFO|[preprocessing_data.py:69|preprocessing_data()]:Resumen estadístico:
                         datetime_now  concurrent_view_count         channel_name channel_type        date           hour        weekday
count                          156473          156473.000000               156473       156473      156473  156473.000000  156473.000000
unique                            NaN                    NaN                  106            4          30            NaN            NaN
top                               NaN                    NaN  Radio La Red AM 910           TV  2025-04-18            NaN            NaN
freq                              NaN                    NaN                 4558        69515       12254            NaN            NaN
mean    2025-04-19 11:44:42.546707712            4326.190883                  NaN          NaN         NaN      11.106223       3.015153
min               2025-04-01 00:04:07               0.000000                  NaN          NaN         NaN       0.000000       0.000000
25%               2025-04-15 08:04:03              50.000000                  NaN          NaN         NaN       5.000000       1.000000
50%               2025-04-18 21:44:18             403.000000                  NaN          NaN         NaN      10.000000       3.000000
75%               2025-04-22 18:41:12            2450.000000                  NaN          NaN         NaN      17.000000       5.000000
max               2025-04-30 23:58:57          193511.000000                  NaN          NaN         NaN      23.000000       6.000000
std                               NaN           12752.007777                  NaN          NaN         NaN       6.993317       2.087922
2025-05-27 13:54:26|INFO|[preprocessing_data.py:70|preprocessing_data()]:Tipos de datos:
datetime_now             datetime64[ns]
concurrent_view_count             int64
channel_name                   category
channel_type                   category
date                             object
hour                              int32
weekday                           int32
dtype: object
2025-05-27 13:54:55|INFO|[logging_config.py:75|<module>()]:Logger inicializado correctamente.
2025-05-27 13:54:57|INFO|[preprocessing_data.py:8|preprocessing_data()]:Cargando el archivo CSV...
2025-05-27 13:54:59|INFO|[preprocessing_data.py:10|preprocessing_data()]:Archivo cargado correctamente con 321611 filas y 15 columnas.
2025-05-27 13:54:59|INFO|[preprocessing_data.py:16|preprocessing_data()]:Convirtiendo 'datetime_now' a formato datetime...
2025-05-27 13:54:59|INFO|[preprocessing_data.py:21|preprocessing_data()]:Valores nulos por columna:
id                         0
channel_name              13
uploader_id               29
title                      0
like_count                 0
concurrent_view_count      0
view_count                 0
datetime_now               0
timestamp                  0
date_only                  0
time_only                  0
thumbnail                  0
live_link                160
channel_type               0
bq_update                  0
dtype: int64
2025-05-27 13:54:59|INFO|[preprocessing_data.py:27|preprocessing_data()]:Filas eliminadas por valores nulos: 13
2025-05-27 13:54:59|INFO|[preprocessing_data.py:30|preprocessing_data()]:Convirtiendo 'concurrent_view_count' a tipo numérico...
2025-05-27 13:54:59|INFO|[preprocessing_data.py:34|preprocessing_data()]:Convirtiendo 'channel_type' y 'channel_name' a tipo categoría...
2025-05-27 13:54:59|INFO|[preprocessing_data.py:39|preprocessing_data()]:Normalizando la columna 'hour_dt'...
2025-05-27 13:54:59|INFO|[preprocessing_data.py:43|preprocessing_data()]:Filtrando franjas representativas por canal...
2025-05-27 13:54:59|INFO|[preprocessing_data.py:49|preprocessing_data()]:Creando columnas de fecha, hora y día de la semana...
2025-05-27 13:54:59|INFO|[preprocessing_data.py:65|preprocessing_data()]:Filtrado de columnas completado. Columnas actuales: ['datetime_now', 'concurrent_view_count', 'channel_name', 'channel_type', 'date', 'hour', 'weekday']
2025-05-27 13:54:59|INFO|[preprocessing_data.py:68|preprocessing_data()]:Primeras filas del dataframe:
          datetime_now  concurrent_view_count channel_name channel_type        date  hour  weekday
31 2025-04-03 08:26:42                     21   Metro 95.1        Radio  2025-04-03     8        3
32 2025-04-03 08:32:48                     20   Metro 95.1        Radio  2025-04-03     8        3
33 2025-04-03 08:38:56                     23   Metro 95.1        Radio  2025-04-03     8        3
34 2025-04-03 08:45:03                     22   Metro 95.1        Radio  2025-04-03     8        3
35 2025-04-03 08:51:11                     27   Metro 95.1        Radio  2025-04-03     8        3
2025-05-27 13:55:00|INFO|[preprocessing_data.py:69|preprocessing_data()]:Resumen estadístico:
                         datetime_now  concurrent_view_count         channel_name channel_type        date           hour        weekday
count                          156473          156473.000000               156473       156473      156473  156473.000000  156473.000000
unique                            NaN                    NaN                  106            4          30            NaN            NaN
top                               NaN                    NaN  Radio La Red AM 910           TV  2025-04-18            NaN            NaN
freq                              NaN                    NaN                 4558        69515       12254            NaN            NaN
mean    2025-04-19 11:44:42.546707712            4326.190883                  NaN          NaN         NaN      11.106223       3.015153
min               2025-04-01 00:04:07               0.000000                  NaN          NaN         NaN       0.000000       0.000000
25%               2025-04-15 08:04:03              50.000000                  NaN          NaN         NaN       5.000000       1.000000
50%               2025-04-18 21:44:18             403.000000                  NaN          NaN         NaN      10.000000       3.000000
75%               2025-04-22 18:41:12            2450.000000                  NaN          NaN         NaN      17.000000       5.000000
max               2025-04-30 23:58:57          193511.000000                  NaN          NaN         NaN      23.000000       6.000000
std                               NaN           12752.007777                  NaN          NaN         NaN       6.993317       2.087922
2025-05-27 13:55:00|INFO|[preprocessing_data.py:70|preprocessing_data()]:Tipos de datos:
datetime_now             datetime64[ns]
concurrent_view_count             int64
channel_name                   category
channel_type                   category
date                             object
hour                              int32
weekday                           int32
dtype: object
2025-05-27 13:57:39|INFO|[logging_config.py:75|<module>()]:Logger inicializado correctamente.
2025-05-27 13:57:42|INFO|[preprocessing_data.py:8|preprocessing_data()]:Cargando el archivo CSV...
2025-05-27 13:57:44|INFO|[preprocessing_data.py:10|preprocessing_data()]:Archivo cargado correctamente con 321611 filas y 15 columnas.
2025-05-27 13:57:44|INFO|[preprocessing_data.py:16|preprocessing_data()]:Convirtiendo 'datetime_now' a formato datetime...
2025-05-27 13:57:45|INFO|[preprocessing_data.py:21|preprocessing_data()]:Valores nulos por columna:
id                         0
channel_name              13
uploader_id               29
title                      0
like_count                 0
concurrent_view_count      0
view_count                 0
datetime_now               0
timestamp                  0
date_only                  0
time_only                  0
thumbnail                  0
live_link                160
channel_type               0
bq_update                  0
dtype: int64
2025-05-27 13:57:45|INFO|[preprocessing_data.py:27|preprocessing_data()]:Filas eliminadas por valores nulos: 13
2025-05-27 13:57:45|INFO|[preprocessing_data.py:30|preprocessing_data()]:Convirtiendo 'concurrent_view_count' a tipo numérico...
2025-05-27 13:57:45|INFO|[preprocessing_data.py:34|preprocessing_data()]:Convirtiendo 'channel_type' y 'channel_name' a tipo categoría...
2025-05-27 13:57:45|INFO|[preprocessing_data.py:39|preprocessing_data()]:Normalizando la columna 'hour_dt'...
2025-05-27 13:57:45|INFO|[preprocessing_data.py:45|preprocessing_data()]:Creando columnas de fecha, hora y día de la semana...
2025-05-27 13:57:45|INFO|[preprocessing_data.py:61|preprocessing_data()]:Filtrado de columnas completado. Columnas actuales: ['datetime_now', 'concurrent_view_count', 'channel_name', 'channel_type', 'date', 'hour', 'weekday']
2025-05-27 13:57:45|INFO|[preprocessing_data.py:64|preprocessing_data()]:Primeras filas del dataframe:
         datetime_now  concurrent_view_count channel_name channel_type        date  hour  weekday
0 2025-04-03 08:25:58                    131    La Gaceta       Prensa  2025-04-03     8        3
1 2025-04-03 08:32:05                    164    La Gaceta       Prensa  2025-04-03     8        3
2 2025-04-03 08:38:11                    161    La Gaceta       Prensa  2025-04-03     8        3
3 2025-04-03 08:44:17                    167    La Gaceta       Prensa  2025-04-03     8        3
4 2025-04-03 08:50:25                    177    La Gaceta       Prensa  2025-04-03     8        3
2025-05-27 13:57:45|INFO|[preprocessing_data.py:65|preprocessing_data()]:Resumen estadístico:
                         datetime_now  concurrent_view_count   channel_name channel_type        date           hour        weekday
count                          321598          321598.000000         321598       321598      321598  321598.000000  321598.000000
unique                            NaN                    NaN            106            4          30            NaN            NaN
top                               NaN                    NaN  Todo Noticias           TV  2025-04-21            NaN            NaN
freq                              NaN                    NaN           8753       146913       14201            NaN            NaN
mean    2025-04-17 03:35:17.247330560            5005.623944            NaN          NaN         NaN      12.177442       2.649124
min               2025-04-01 00:02:51               0.000000            NaN          NaN         NaN       0.000000       0.000000
25%        2025-04-10 18:05:48.500000              66.000000            NaN          NaN         NaN       7.000000       1.000000
50%        2025-04-17 10:43:15.500000             588.000000            NaN          NaN         NaN      12.000000       2.000000
75%     2025-04-23 23:34:24.750000128            3433.000000            NaN          NaN         NaN      18.000000       4.000000
max               2025-04-30 23:58:57          263888.000000            NaN          NaN         NaN      23.000000       6.000000
std                               NaN           12883.397842            NaN          NaN         NaN       6.532787       1.931978
2025-05-27 13:57:45|INFO|[preprocessing_data.py:66|preprocessing_data()]:Tipos de datos:
datetime_now             datetime64[ns]
concurrent_view_count             int64
channel_name                   category
channel_type                   category
date                             object
hour                              int32
weekday                           int32
dtype: object
